hashed runcoverage.sh
hashed __init__.cpython-38.pyc
hashed polybar.py
hashed nitrogen.py
hashed xresources.py
hashed i3.py
hashed polybar.cpython-38.pyc
hashed xresources.cpython-38.pyc
hashed __init__.cpython-38.pyc
hashed configuration.cpython-38.pyc
hashed abstract_theme.cpython-38.pyc
hashed theme.cpython-38.pyc
hashed i3.cpython-38.pyc
hashed nitrogen.cpython-38.pyc
hashed abstract_theme.py
hashed configuration.py
hashed theme.py
hashed __init__.py
hashed __init__.cpython-38.pyc
hashed install.cpython-38.pyc
hashed fileutils.cpython-38.pyc
hashed backup.cpython-38.pyc
hashed install.py
hashed backup.py
hashed __init__.py
hashed fileutils.py
hashed __init__.cpython-38.pyc
hashed attributes.cpython-38.pyc
hashed attributes.py
hashed __init__.py
hashed __init__.py
hashed LICENSE
hashed config.yml
hashed pack-7f3d07163c8beaf404346fdee0dc77451090e5f2.idx
hashed pack-7f3d07163c8beaf404346fdee0dc77451090e5f2.pack
hashed pre-commit.sample
hashed update.sample
hashed pre-merge-commit.sample
hashed pre-rebase.sample
hashed pre-receive.sample
hashed applypatch-msg.sample
hashed pre-applypatch.sample
hashed pre-push.sample
hashed prepare-commit-msg.sample
hashed commit-msg.sample
hashed fsmonitor-watchman.sample
hashed post-update.sample
hashed description
hashed HEAD
hashed HEAD
hashed master
hashed index
hashed HEAD
hashed config
hashed HEAD
hashed master
hashed exclude
hashed packed-refs
hashed Pipfile
hashed change.sh
hashed 011.json
hashed 010.json
hashed 008.json
hashed 005.json
hashed 000.json
hashed 006.json
hashed 004.png
hashed 000.png
hashed 001.png
hashed 009.png
hashed 008.png
hashed 003.png
hashed 007.png
hashed 010.png
hashed 011.png
hashed 013.png
hashed 005.png
hashed 012.png
hashed 006.png
hashed 002.png
hashed 001.json
hashed 012.json
hashed 009.json
hashed 003.json
hashed 013.json
hashed 007.json
hashed 002.json
hashed README.md
hashed 004.json
hashed test_i3.py
hashed test_nitrogen.py
hashed test_xresources.py
hashed __init__.py
hashed test_polybar.py
hashed test_backup.py
hashed test_install.py
hashed __init__.py
hashed test_attributes.py
hashed __init__.py
hashed __init__.py
hashed theme_template.json
hashed README.md
hashed .gitignore
hashed Pipfile.lock
hashed install_ubuntu.sh
hashed install_arch.sh
hashed i3wm-themer.py
hashed stamp
hashed 004.png
hashed 000.png
hashed 001.png
hashed 009.png
hashed 008.png
hashed 003.png
hashed 007.png
hashed 010.png
hashed 011.png
hashed 013.png
hashed 005.png
hashed 012.png
hashed 006.png
hashed 002.png
hashed polybar.template
hashed xresources.template
hashed bg-saved.template
hashed i3.template
hashed config.yaml
hashed __init__.py
hashed workflow.gif
hashed themepreview.png
hashed FUNDING.yml
hashed i3wmthemer_bar_launch.sh
hashed install_debian.sh
hashed requirements.txt
hashed config.yaml
hashed README.md
hashed testfile.txt
hashed tmp.md5
TOTAL TIME: 3 seconds
PATH: /home/joshua/tmp
OUTPUT: /home/joshua/tmp/tmp.md5
TOTAL FILES: 138
